<?xml version="1.0" encoding="UTF-8"?>
<!-- Generated by org.testng.reporters.JUnitXMLReporter -->
<testsuite hostname="GI-DT-NOC11" name="Default test" tests="4" failures="0" timestamp="11 Mar 2020 11:29:46 GMT" time="41.664" errors="0">
  <testcase name="icon" time="8.131" classname="ProjectCar.Goibibo_Car_Vertical.Goibibo_Car_Vertical"/>
  <testcase name="car_hompage" time="6.938" classname="ProjectCar.Goibibo_Car_Vertical.Goibibo_Car_Vertical"/>
  <testcase name="car_review_page" time="1.376" classname="ProjectCar.Goibibo_Car_Vertical.Goibibo_Car_Vertical"/>
  <testcase name="payment_page" time="5.651" classname="ProjectCar.Goibibo_Car_Vertical.Goibibo_Car_Vertical"/>
</testsuite> <!-- Default test -->
