<?xml version="1.0" encoding="UTF-8"?>
<!-- Generated by org.testng.reporters.JUnitXMLReporter -->
<testsuite hostname="GI-DT-NOC11" name="Test" tests="4" failures="0" timestamp="9 Mar 2020 22:58:23 GMT" time="28.38" errors="0">
  <testcase name="icon" time="2.244" classname="ProjectCar.Goibibo_Car_Vertical.Goibibo_Car_Vertical"/>
  <testcase name="car_hompage" time="2.719" classname="ProjectCar.Goibibo_Car_Vertical.Goibibo_Car_Vertical"/>
  <testcase name="car_review_page" time="2.012" classname="ProjectCar.Goibibo_Car_Vertical.Goibibo_Car_Vertical"/>
  <testcase name="payment_page" time="5.402" classname="ProjectCar.Goibibo_Car_Vertical.Goibibo_Car_Vertical"/>
</testsuite> <!-- Test -->
