<?xml version="1.0" encoding="UTF-8"?>
<testng-results skipped="0" failed="0" total="4" passed="4">
  <reporter-output>
  </reporter-output>
  <suite name="Suite" duration-ms="28380" started-at="2020-03-10T04:27:55Z" finished-at="2020-03-10T04:28:23Z">
    <groups>
    </groups>
    <test name="Test" duration-ms="28380" started-at="2020-03-10T04:27:55Z" finished-at="2020-03-10T04:28:23Z">
      <class name="ProjectCar.Goibibo_Car_Vertical.Goibibo_Car_Vertical">
        <test-method status="PASS" signature="beforeClass()[pri:0, instance:ProjectCar.Goibibo_Car_Vertical.Goibibo_Car_Vertical@255b53dc]" name="beforeClass" is-config="true" duration-ms="14095" started-at="2020-03-10T04:27:55Z" finished-at="2020-03-10T04:28:09Z">
        </test-method> <!-- beforeClass -->
        <test-method status="PASS" signature="icon()[pri:0, instance:ProjectCar.Goibibo_Car_Vertical.Goibibo_Car_Vertical@255b53dc]" name="icon" duration-ms="2244" started-at="2020-03-10T04:28:09Z" finished-at="2020-03-10T04:28:11Z">
        </test-method> <!-- icon -->
        <test-method status="PASS" signature="car_hompage()[pri:1, instance:ProjectCar.Goibibo_Car_Vertical.Goibibo_Car_Vertical@255b53dc]" name="car_hompage" duration-ms="2719" started-at="2020-03-10T04:28:11Z" finished-at="2020-03-10T04:28:14Z">
        </test-method> <!-- car_hompage -->
        <test-method status="PASS" signature="car_review_page()[pri:2, instance:ProjectCar.Goibibo_Car_Vertical.Goibibo_Car_Vertical@255b53dc]" name="car_review_page" duration-ms="2012" started-at="2020-03-10T04:28:14Z" finished-at="2020-03-10T04:28:16Z">
        </test-method> <!-- car_review_page -->
        <test-method status="PASS" signature="payment_page()[pri:3, instance:ProjectCar.Goibibo_Car_Vertical.Goibibo_Car_Vertical@255b53dc]" name="payment_page" duration-ms="5402" started-at="2020-03-10T04:28:16Z" finished-at="2020-03-10T04:28:22Z">
        </test-method> <!-- payment_page -->
        <test-method status="PASS" signature="afterClass()[pri:0, instance:ProjectCar.Goibibo_Car_Vertical.Goibibo_Car_Vertical@255b53dc]" name="afterClass" is-config="true" duration-ms="1892" started-at="2020-03-10T04:28:22Z" finished-at="2020-03-10T04:28:23Z">
        </test-method> <!-- afterClass -->
      </class> <!-- ProjectCar.Goibibo_Car_Vertical.Goibibo_Car_Vertical -->
    </test> <!-- Test -->
  </suite> <!-- Suite -->
</testng-results>
