<?xml version="1.0" encoding="UTF-8"?>
<testng-results skipped="0" failed="0" total="4" passed="4">
  <reporter-output>
  </reporter-output>
  <suite name="Default suite" duration-ms="41664" started-at="2020-03-11T16:59:04Z" finished-at="2020-03-11T16:59:46Z">
    <groups>
    </groups>
    <test name="Default test" duration-ms="41664" started-at="2020-03-11T16:59:04Z" finished-at="2020-03-11T16:59:46Z">
      <class name="ProjectCar.Goibibo_Car_Vertical.Goibibo_Car_Vertical">
        <test-method status="PASS" signature="beforeClass()[pri:0, instance:ProjectCar.Goibibo_Car_Vertical.Goibibo_Car_Vertical@402a079c]" name="beforeClass" is-config="true" duration-ms="17082" started-at="2020-03-11T16:59:04Z" finished-at="2020-03-11T16:59:22Z">
        </test-method> <!-- beforeClass -->
        <test-method status="PASS" signature="icon()[pri:0, instance:ProjectCar.Goibibo_Car_Vertical.Goibibo_Car_Vertical@402a079c]" name="icon" duration-ms="8131" started-at="2020-03-11T16:59:22Z" finished-at="2020-03-11T16:59:30Z">
        </test-method> <!-- icon -->
        <test-method status="PASS" signature="car_hompage()[pri:1, instance:ProjectCar.Goibibo_Car_Vertical.Goibibo_Car_Vertical@402a079c]" name="car_hompage" duration-ms="6938" started-at="2020-03-11T16:59:30Z" finished-at="2020-03-11T16:59:37Z">
        </test-method> <!-- car_hompage -->
        <test-method status="PASS" signature="car_review_page()[pri:2, instance:ProjectCar.Goibibo_Car_Vertical.Goibibo_Car_Vertical@402a079c]" name="car_review_page" duration-ms="1376" started-at="2020-03-11T16:59:37Z" finished-at="2020-03-11T16:59:38Z">
        </test-method> <!-- car_review_page -->
        <test-method status="PASS" signature="payment_page()[pri:3, instance:ProjectCar.Goibibo_Car_Vertical.Goibibo_Car_Vertical@402a079c]" name="payment_page" duration-ms="5651" started-at="2020-03-11T16:59:38Z" finished-at="2020-03-11T16:59:44Z">
        </test-method> <!-- payment_page -->
        <test-method status="PASS" signature="afterClass()[pri:0, instance:ProjectCar.Goibibo_Car_Vertical.Goibibo_Car_Vertical@402a079c]" name="afterClass" is-config="true" duration-ms="2460" started-at="2020-03-11T16:59:44Z" finished-at="2020-03-11T16:59:46Z">
        </test-method> <!-- afterClass -->
      </class> <!-- ProjectCar.Goibibo_Car_Vertical.Goibibo_Car_Vertical -->
    </test> <!-- Default test -->
  </suite> <!-- Default suite -->
</testng-results>
